[Epoch 1/20] 
--- Generator ---
	Train: loss: 10.9565 - L1 loss: 0.0951 - Discriminator Fake-True: 1.4480
	Test: loss: 11.0450 - L1 loss: 0.0974 - Discriminator Fake-True: 1.3055
--- Discriminator ---
	train_loss: 0.5414 - test_loss: 0.3399
[Epoch 1/25] train_loss: 0.2244 - test_loss: 0.1733
[Epoch 2/25] train_loss: 0.1753 - test_loss: 0.2043
[Epoch 3/25] train_loss: 0.1768 - test_loss: 0.1384
[Epoch 1/1] train_loss: 0.1513 - test_loss: 0.1654
[Epoch 1/2] train_loss: 0.1214 - test_loss: 0.1301
[Epoch 2/2] train_loss: 0.1750 - test_loss: 0.1387
Looking in indexes: https://pypi.org/simple, https://packagecloud.io/cytomine-uliege/Cytomine-python-client/pypi/simple
Requirement already satisfied: scikit-image in /home/julien/miniconda3/envs/deep_learning/lib/python3.9/site-packages (0.16.2)
Requirement already satisfied: scipy>=0.19.0 in /home/julien/miniconda3/envs/deep_learning/lib/python3.9/site-packages (from scikit-image) (1.7.3)
Requirement already satisfied: matplotlib!=3.0.0,>=2.0.0 in /home/julien/miniconda3/envs/deep_learning/lib/python3.9/site-packages (from scikit-image) (3.5.1)
Requirement already satisfied: networkx>=2.0 in /home/julien/miniconda3/envs/deep_learning/lib/python3.9/site-packages (from scikit-image) (2.7.1)
Requirement already satisfied: pillow>=4.3.0 in /home/julien/miniconda3/envs/deep_learning/lib/python3.9/site-packages (from scikit-image) (8.4.0)
Requirement already satisfied: imageio>=2.3.0 in /home/julien/miniconda3/envs/deep_learning/lib/python3.9/site-packages (from scikit-image) (2.9.0)
Requirement already satisfied: PyWavelets>=0.4.0 in /home/julien/miniconda3/envs/deep_learning/lib/python3.9/site-packages (from scikit-image) (1.1.1)
Requirement already satisfied: numpy in /home/julien/miniconda3/envs/deep_learning/lib/python3.9/site-packages (from imageio>=2.3.0->scikit-image) (1.21.2)
Requirement already satisfied: packaging>=20.0 in /home/julien/miniconda3/envs/deep_learning/lib/python3.9/site-packages (from matplotlib!=3.0.0,>=2.0.0->scikit-image) (21.3)
Requirement already satisfied: python-dateutil>=2.7 in /home/julien/miniconda3/envs/deep_learning/lib/python3.9/site-packages (from matplotlib!=3.0.0,>=2.0.0->scikit-image) (2.8.2)
Requirement already satisfied: kiwisolver>=1.0.1 in /home/julien/miniconda3/envs/deep_learning/lib/python3.9/site-packages (from matplotlib!=3.0.0,>=2.0.0->scikit-image) (1.3.2)
Requirement already satisfied: fonttools>=4.22.0 in /home/julien/miniconda3/envs/deep_learning/lib/python3.9/site-packages (from matplotlib!=3.0.0,>=2.0.0->scikit-image) (4.25.0)
Requirement already satisfied: pyparsing>=2.2.1 in /home/julien/miniconda3/envs/deep_learning/lib/python3.9/site-packages (from matplotlib!=3.0.0,>=2.0.0->scikit-image) (3.0.4)
Requirement already satisfied: cycler>=0.10 in /home/julien/miniconda3/envs/deep_learning/lib/python3.9/site-packages (from matplotlib!=3.0.0,>=2.0.0->scikit-image) (0.11.0)
Requirement already satisfied: six>=1.5 in /home/julien/miniconda3/envs/deep_learning/lib/python3.9/site-packages (from python-dateutil>=2.7->matplotlib!=3.0.0,>=2.0.0->scikit-image) (1.16.0)
Looking in indexes: https://pypi.org/simple, https://packagecloud.io/cytomine-uliege/Cytomine-python-client/pypi/simple
Requirement already satisfied: IProgress in /home/julien/miniconda3/envs/deep_learning/lib/python3.9/site-packages (0.4)
Requirement already satisfied: six in /home/julien/miniconda3/envs/deep_learning/lib/python3.9/site-packages (from IProgress) (1.16.0)
Looking in indexes: https://pypi.org/simple, https://packagecloud.io/cytomine-uliege/Cytomine-python-client/pypi/simple
Requirement already satisfied: jupyter in /home/julien/miniconda3/envs/deep_learning/lib/python3.9/site-packages (1.0.0)
Requirement already satisfied: ipykernel in /home/julien/miniconda3/envs/deep_learning/lib/python3.9/site-packages (from jupyter) (6.9.1)
Requirement already satisfied: ipywidgets in /home/julien/miniconda3/envs/deep_learning/lib/python3.9/site-packages (from jupyter) (7.6.5)
Requirement already satisfied: qtconsole in /home/julien/miniconda3/envs/deep_learning/lib/python3.9/site-packages (from jupyter) (5.2.2)
Requirement already satisfied: notebook in /home/julien/miniconda3/envs/deep_learning/lib/python3.9/site-packages (from jupyter) (6.4.8)
Requirement already satisfied: nbconvert in /home/julien/miniconda3/envs/deep_learning/lib/python3.9/site-packages (from jupyter) (6.3.0)
Requirement already satisfied: jupyter-console in /home/julien/miniconda3/envs/deep_learning/lib/python3.9/site-packages (from jupyter) (6.4.0)
Requirement already satisfied: debugpy<2.0,>=1.0.0 in /home/julien/miniconda3/envs/deep_learning/lib/python3.9/site-packages (from ipykernel->jupyter) (1.5.1)
Requirement already satisfied: matplotlib-inline<0.2.0,>=0.1.0 in /home/julien/miniconda3/envs/deep_learning/lib/python3.9/site-packages (from ipykernel->jupyter) (0.1.3)
Requirement already satisfied: traitlets<6.0,>=5.1.0 in /home/julien/miniconda3/envs/deep_learning/lib/python3.9/site-packages (from ipykernel->jupyter) (5.1.1)
Requirement already satisfied: jupyter-client<8.0 in /home/julien/miniconda3/envs/deep_learning/lib/python3.9/site-packages (from ipykernel->jupyter) (7.1.2)
Requirement already satisfied: ipython>=7.23.1 in /home/julien/miniconda3/envs/deep_learning/lib/python3.9/site-packages (from ipykernel->jupyter) (8.0.1)
Requirement already satisfied: tornado<7.0,>=4.2 in /home/julien/miniconda3/envs/deep_learning/lib/python3.9/site-packages (from ipykernel->jupyter) (6.1)
Requirement already satisfied: nest-asyncio in /home/julien/miniconda3/envs/deep_learning/lib/python3.9/site-packages (from ipykernel->jupyter) (1.5.4)
Requirement already satisfied: pexpect>4.3 in /home/julien/miniconda3/envs/deep_learning/lib/python3.9/site-packages (from ipython>=7.23.1->ipykernel->jupyter) (4.8.0)
Requirement already satisfied: setuptools>=18.5 in /home/julien/miniconda3/envs/deep_learning/lib/python3.9/site-packages (from ipython>=7.23.1->ipykernel->jupyter) (58.0.4)
Requirement already satisfied: stack-data in /home/julien/miniconda3/envs/deep_learning/lib/python3.9/site-packages (from ipython>=7.23.1->ipykernel->jupyter) (0.2.0)
Requirement already satisfied: backcall in /home/julien/miniconda3/envs/deep_learning/lib/python3.9/site-packages (from ipython>=7.23.1->ipykernel->jupyter) (0.2.0)
Requirement already satisfied: prompt-toolkit!=3.0.0,!=3.0.1,<3.1.0,>=2.0.0 in /home/julien/miniconda3/envs/deep_learning/lib/python3.9/site-packages (from ipython>=7.23.1->ipykernel->jupyter) (3.0.27)
Requirement already satisfied: jedi>=0.16 in /home/julien/miniconda3/envs/deep_learning/lib/python3.9/site-packages (from ipython>=7.23.1->ipykernel->jupyter) (0.18.1)
Requirement already satisfied: pickleshare in /home/julien/miniconda3/envs/deep_learning/lib/python3.9/site-packages (from ipython>=7.23.1->ipykernel->jupyter) (0.7.5)
Requirement already satisfied: pygments in /home/julien/miniconda3/envs/deep_learning/lib/python3.9/site-packages (from ipython>=7.23.1->ipykernel->jupyter) (2.11.2)
Requirement already satisfied: black in /home/julien/miniconda3/envs/deep_learning/lib/python3.9/site-packages (from ipython>=7.23.1->ipykernel->jupyter) (22.3.0)
Requirement already satisfied: decorator in /home/julien/miniconda3/envs/deep_learning/lib/python3.9/site-packages (from ipython>=7.23.1->ipykernel->jupyter) (5.1.1)
Requirement already satisfied: parso<0.9.0,>=0.8.0 in /home/julien/miniconda3/envs/deep_learning/lib/python3.9/site-packages (from jedi>=0.16->ipython>=7.23.1->ipykernel->jupyter) (0.8.3)
Requirement already satisfied: python-dateutil>=2.1 in /home/julien/miniconda3/envs/deep_learning/lib/python3.9/site-packages (from jupyter-client<8.0->ipykernel->jupyter) (2.8.2)
Requirement already satisfied: jupyter-core>=4.6.0 in /home/julien/miniconda3/envs/deep_learning/lib/python3.9/site-packages (from jupyter-client<8.0->ipykernel->jupyter) (4.9.2)
Requirement already satisfied: entrypoints in /home/julien/miniconda3/envs/deep_learning/lib/python3.9/site-packages (from jupyter-client<8.0->ipykernel->jupyter) (0.4)
Requirement already satisfied: pyzmq>=13 in /home/julien/miniconda3/envs/deep_learning/lib/python3.9/site-packages (from jupyter-client<8.0->ipykernel->jupyter) (22.3.0)
Requirement already satisfied: ptyprocess>=0.5 in /home/julien/miniconda3/envs/deep_learning/lib/python3.9/site-packages (from pexpect>4.3->ipython>=7.23.1->ipykernel->jupyter) (0.7.0)
Requirement already satisfied: wcwidth in /home/julien/miniconda3/envs/deep_learning/lib/python3.9/site-packages (from prompt-toolkit!=3.0.0,!=3.0.1,<3.1.0,>=2.0.0->ipython>=7.23.1->ipykernel->jupyter) (0.2.5)
Requirement already satisfied: six>=1.5 in /home/julien/miniconda3/envs/deep_learning/lib/python3.9/site-packages (from python-dateutil>=2.1->jupyter-client<8.0->ipykernel->jupyter) (1.16.0)
Requirement already satisfied: pathspec>=0.9.0 in /home/julien/miniconda3/envs/deep_learning/lib/python3.9/site-packages (from black->ipython>=7.23.1->ipykernel->jupyter) (0.9.0)
Requirement already satisfied: mypy-extensions>=0.4.3 in /home/julien/miniconda3/envs/deep_learning/lib/python3.9/site-packages (from black->ipython>=7.23.1->ipykernel->jupyter) (0.4.3)
Requirement already satisfied: typing-extensions>=3.10.0.0 in /home/julien/miniconda3/envs/deep_learning/lib/python3.9/site-packages (from black->ipython>=7.23.1->ipykernel->jupyter) (3.10.0.2)
Requirement already satisfied: tomli>=1.1.0 in /home/julien/miniconda3/envs/deep_learning/lib/python3.9/site-packages (from black->ipython>=7.23.1->ipykernel->jupyter) (2.0.1)
Requirement already satisfied: platformdirs>=2 in /home/julien/miniconda3/envs/deep_learning/lib/python3.9/site-packages (from black->ipython>=7.23.1->ipykernel->jupyter) (2.5.1)
Requirement already satisfied: click>=8.0.0 in /home/julien/miniconda3/envs/deep_learning/lib/python3.9/site-packages (from black->ipython>=7.23.1->ipykernel->jupyter) (8.1.2)
Requirement already satisfied: nbformat>=4.2.0 in /home/julien/miniconda3/envs/deep_learning/lib/python3.9/site-packages (from ipywidgets->jupyter) (5.1.3)
Requirement already satisfied: widgetsnbextension~=3.5.0 in /home/julien/miniconda3/envs/deep_learning/lib/python3.9/site-packages (from ipywidgets->jupyter) (3.5.2)
Requirement already satisfied: ipython-genutils~=0.2.0 in /home/julien/miniconda3/envs/deep_learning/lib/python3.9/site-packages (from ipywidgets->jupyter) (0.2.0)
Requirement already satisfied: jupyterlab-widgets>=1.0.0 in /home/julien/miniconda3/envs/deep_learning/lib/python3.9/site-packages (from ipywidgets->jupyter) (1.0.0)
Requirement already satisfied: jsonschema!=2.5.0,>=2.4 in /home/julien/miniconda3/envs/deep_learning/lib/python3.9/site-packages (from nbformat>=4.2.0->ipywidgets->jupyter) (3.2.0)
Requirement already satisfied: pyrsistent>=0.14.0 in /home/julien/miniconda3/envs/deep_learning/lib/python3.9/site-packages (from jsonschema!=2.5.0,>=2.4->nbformat>=4.2.0->ipywidgets->jupyter) (0.18.0)
Requirement already satisfied: attrs>=17.4.0 in /home/julien/miniconda3/envs/deep_learning/lib/python3.9/site-packages (from jsonschema!=2.5.0,>=2.4->nbformat>=4.2.0->ipywidgets->jupyter) (21.4.0)
Requirement already satisfied: Send2Trash>=1.8.0 in /home/julien/miniconda3/envs/deep_learning/lib/python3.9/site-packages (from notebook->jupyter) (1.8.0)
Requirement already satisfied: prometheus-client in /home/julien/miniconda3/envs/deep_learning/lib/python3.9/site-packages (from notebook->jupyter) (0.13.1)
Requirement already satisfied: argon2-cffi in /home/julien/miniconda3/envs/deep_learning/lib/python3.9/site-packages (from notebook->jupyter) (21.3.0)
Requirement already satisfied: terminado>=0.8.3 in /home/julien/miniconda3/envs/deep_learning/lib/python3.9/site-packages (from notebook->jupyter) (0.13.1)
Requirement already satisfied: jinja2 in /home/julien/miniconda3/envs/deep_learning/lib/python3.9/site-packages (from notebook->jupyter) (3.0.2)
Requirement already satisfied: argon2-cffi-bindings in /home/julien/miniconda3/envs/deep_learning/lib/python3.9/site-packages (from argon2-cffi->notebook->jupyter) (21.2.0)
Requirement already satisfied: cffi>=1.0.1 in /home/julien/miniconda3/envs/deep_learning/lib/python3.9/site-packages (from argon2-cffi-bindings->argon2-cffi->notebook->jupyter) (1.15.0)
Requirement already satisfied: pycparser in /home/julien/miniconda3/envs/deep_learning/lib/python3.9/site-packages (from cffi>=1.0.1->argon2-cffi-bindings->argon2-cffi->notebook->jupyter) (2.21)
Requirement already satisfied: MarkupSafe>=2.0 in /home/julien/miniconda3/envs/deep_learning/lib/python3.9/site-packages (from jinja2->notebook->jupyter) (2.0.1)
Requirement already satisfied: jupyterlab-pygments in /home/julien/miniconda3/envs/deep_learning/lib/python3.9/site-packages (from nbconvert->jupyter) (0.1.2)
Requirement already satisfied: mistune<2,>=0.8.1 in /home/julien/miniconda3/envs/deep_learning/lib/python3.9/site-packages (from nbconvert->jupyter) (0.8.4)
Requirement already satisfied: pandocfilters>=1.4.1 in /home/julien/miniconda3/envs/deep_learning/lib/python3.9/site-packages (from nbconvert->jupyter) (1.5.0)
Requirement already satisfied: bleach in /home/julien/miniconda3/envs/deep_learning/lib/python3.9/site-packages (from nbconvert->jupyter) (4.1.0)
Requirement already satisfied: nbclient<0.6.0,>=0.5.0 in /home/julien/miniconda3/envs/deep_learning/lib/python3.9/site-packages (from nbconvert->jupyter) (0.5.11)
Requirement already satisfied: defusedxml in /home/julien/miniconda3/envs/deep_learning/lib/python3.9/site-packages (from nbconvert->jupyter) (0.7.1)
Requirement already satisfied: testpath in /home/julien/miniconda3/envs/deep_learning/lib/python3.9/site-packages (from nbconvert->jupyter) (0.5.0)
Requirement already satisfied: webencodings in /home/julien/miniconda3/envs/deep_learning/lib/python3.9/site-packages (from bleach->nbconvert->jupyter) (0.5.1)
Requirement already satisfied: packaging in /home/julien/miniconda3/envs/deep_learning/lib/python3.9/site-packages (from bleach->nbconvert->jupyter) (21.3)
Requirement already satisfied: pyparsing!=3.0.5,>=2.0.2 in /home/julien/miniconda3/envs/deep_learning/lib/python3.9/site-packages (from packaging->bleach->nbconvert->jupyter) (3.0.4)
Requirement already satisfied: qtpy in /home/julien/miniconda3/envs/deep_learning/lib/python3.9/site-packages (from qtconsole->jupyter) (1.11.2)
Requirement already satisfied: asttokens in /home/julien/miniconda3/envs/deep_learning/lib/python3.9/site-packages (from stack-data->ipython>=7.23.1->ipykernel->jupyter) (2.0.5)
Requirement already satisfied: executing in /home/julien/miniconda3/envs/deep_learning/lib/python3.9/site-packages (from stack-data->ipython>=7.23.1->ipykernel->jupyter) (0.8.2)
Requirement already satisfied: pure-eval in /home/julien/miniconda3/envs/deep_learning/lib/python3.9/site-packages (from stack-data->ipython>=7.23.1->ipykernel->jupyter) (0.2.2)
Looking in indexes: https://pypi.org/simple, https://packagecloud.io/cytomine-uliege/Cytomine-python-client/pypi/simple
Requirement already satisfied: ipywidgets in /home/julien/miniconda3/envs/deep_learning/lib/python3.9/site-packages (7.6.5)
Requirement already satisfied: widgetsnbextension in /home/julien/miniconda3/envs/deep_learning/lib/python3.9/site-packages (3.5.2)
Requirement already satisfied: pandas-profiling in /home/julien/miniconda3/envs/deep_learning/lib/python3.9/site-packages (3.1.0)
Requirement already satisfied: ipykernel>=4.5.1 in /home/julien/miniconda3/envs/deep_learning/lib/python3.9/site-packages (from ipywidgets) (6.9.1)
Requirement already satisfied: jupyterlab-widgets>=1.0.0 in /home/julien/miniconda3/envs/deep_learning/lib/python3.9/site-packages (from ipywidgets) (1.0.0)
Requirement already satisfied: traitlets>=4.3.1 in /home/julien/miniconda3/envs/deep_learning/lib/python3.9/site-packages (from ipywidgets) (5.1.1)
Requirement already satisfied: nbformat>=4.2.0 in /home/julien/miniconda3/envs/deep_learning/lib/python3.9/site-packages (from ipywidgets) (5.1.3)
Requirement already satisfied: ipython-genutils~=0.2.0 in /home/julien/miniconda3/envs/deep_learning/lib/python3.9/site-packages (from ipywidgets) (0.2.0)
Requirement already satisfied: ipython>=4.0.0 in /home/julien/miniconda3/envs/deep_learning/lib/python3.9/site-packages (from ipywidgets) (8.0.1)
Requirement already satisfied: notebook>=4.4.1 in /home/julien/miniconda3/envs/deep_learning/lib/python3.9/site-packages (from widgetsnbextension) (6.4.8)
Requirement already satisfied: pydantic>=1.8.1 in /home/julien/miniconda3/envs/deep_learning/lib/python3.9/site-packages (from pandas-profiling) (1.9.0)
Requirement already satisfied: phik>=0.11.1 in /home/julien/miniconda3/envs/deep_learning/lib/python3.9/site-packages (from pandas-profiling) (0.12.2)
Requirement already satisfied: matplotlib>=3.2.0 in /home/julien/miniconda3/envs/deep_learning/lib/python3.9/site-packages (from pandas-profiling) (3.5.1)
Requirement already satisfied: tangled-up-in-unicode==0.1.0 in /home/julien/miniconda3/envs/deep_learning/lib/python3.9/site-packages (from pandas-profiling) (0.1.0)
Requirement already satisfied: jinja2>=2.11.1 in /home/julien/miniconda3/envs/deep_learning/lib/python3.9/site-packages (from pandas-profiling) (3.0.2)
Requirement already satisfied: tqdm>=4.48.2 in /home/julien/miniconda3/envs/deep_learning/lib/python3.9/site-packages (from pandas-profiling) (4.64.0)
Requirement already satisfied: PyYAML>=5.0.0 in /home/julien/miniconda3/envs/deep_learning/lib/python3.9/site-packages (from pandas-profiling) (6.0)
Requirement already satisfied: htmlmin>=0.1.12 in /home/julien/miniconda3/envs/deep_learning/lib/python3.9/site-packages (from pandas-profiling) (0.1.12)
Requirement already satisfied: markupsafe~=2.0.1 in /home/julien/miniconda3/envs/deep_learning/lib/python3.9/site-packages (from pandas-profiling) (2.0.1)
Requirement already satisfied: visions[type_image_path]==0.7.4 in /home/julien/miniconda3/envs/deep_learning/lib/python3.9/site-packages (from pandas-profiling) (0.7.4)
Requirement already satisfied: seaborn>=0.10.1 in /home/julien/miniconda3/envs/deep_learning/lib/python3.9/site-packages (from pandas-profiling) (0.11.2)
Requirement already satisfied: multimethod>=1.4 in /home/julien/miniconda3/envs/deep_learning/lib/python3.9/site-packages (from pandas-profiling) (1.8)
Requirement already satisfied: numpy>=1.16.0 in /home/julien/miniconda3/envs/deep_learning/lib/python3.9/site-packages (from pandas-profiling) (1.21.2)
Requirement already satisfied: requests>=2.24.0 in /home/julien/miniconda3/envs/deep_learning/lib/python3.9/site-packages (from pandas-profiling) (2.27.1)
Requirement already satisfied: missingno>=0.4.2 in /home/julien/miniconda3/envs/deep_learning/lib/python3.9/site-packages (from pandas-profiling) (0.5.1)
Requirement already satisfied: pandas!=1.0.0,!=1.0.1,!=1.0.2,!=1.1.0,>=0.25.3 in /home/julien/miniconda3/envs/deep_learning/lib/python3.9/site-packages (from pandas-profiling) (1.4.2)
Requirement already satisfied: scipy>=1.4.1 in /home/julien/miniconda3/envs/deep_learning/lib/python3.9/site-packages (from pandas-profiling) (1.7.3)
Requirement already satisfied: joblib~=1.0.1 in /home/julien/miniconda3/envs/deep_learning/lib/python3.9/site-packages (from pandas-profiling) (1.0.1)
Requirement already satisfied: networkx>=2.4 in /home/julien/miniconda3/envs/deep_learning/lib/python3.9/site-packages (from visions[type_image_path]==0.7.4->pandas-profiling) (2.7.1)
Requirement already satisfied: attrs>=19.3.0 in /home/julien/miniconda3/envs/deep_learning/lib/python3.9/site-packages (from visions[type_image_path]==0.7.4->pandas-profiling) (21.4.0)
Requirement already satisfied: Pillow in /home/julien/miniconda3/envs/deep_learning/lib/python3.9/site-packages (from visions[type_image_path]==0.7.4->pandas-profiling) (8.4.0)
Requirement already satisfied: imagehash in /home/julien/miniconda3/envs/deep_learning/lib/python3.9/site-packages (from visions[type_image_path]==0.7.4->pandas-profiling) (4.2.1)
Requirement already satisfied: jupyter-client<8.0 in /home/julien/miniconda3/envs/deep_learning/lib/python3.9/site-packages (from ipykernel>=4.5.1->ipywidgets) (7.1.2)
Requirement already satisfied: matplotlib-inline<0.2.0,>=0.1.0 in /home/julien/miniconda3/envs/deep_learning/lib/python3.9/site-packages (from ipykernel>=4.5.1->ipywidgets) (0.1.3)
Requirement already satisfied: debugpy<2.0,>=1.0.0 in /home/julien/miniconda3/envs/deep_learning/lib/python3.9/site-packages (from ipykernel>=4.5.1->ipywidgets) (1.5.1)
Requirement already satisfied: tornado<7.0,>=4.2 in /home/julien/miniconda3/envs/deep_learning/lib/python3.9/site-packages (from ipykernel>=4.5.1->ipywidgets) (6.1)
Requirement already satisfied: nest-asyncio in /home/julien/miniconda3/envs/deep_learning/lib/python3.9/site-packages (from ipykernel>=4.5.1->ipywidgets) (1.5.4)
Requirement already satisfied: setuptools>=18.5 in /home/julien/miniconda3/envs/deep_learning/lib/python3.9/site-packages (from ipython>=4.0.0->ipywidgets) (58.0.4)
Requirement already satisfied: stack-data in /home/julien/miniconda3/envs/deep_learning/lib/python3.9/site-packages (from ipython>=4.0.0->ipywidgets) (0.2.0)
Requirement already satisfied: pygments in /home/julien/miniconda3/envs/deep_learning/lib/python3.9/site-packages (from ipython>=4.0.0->ipywidgets) (2.11.2)
Requirement already satisfied: prompt-toolkit!=3.0.0,!=3.0.1,<3.1.0,>=2.0.0 in /home/julien/miniconda3/envs/deep_learning/lib/python3.9/site-packages (from ipython>=4.0.0->ipywidgets) (3.0.27)
Requirement already satisfied: pexpect>4.3 in /home/julien/miniconda3/envs/deep_learning/lib/python3.9/site-packages (from ipython>=4.0.0->ipywidgets) (4.8.0)
Requirement already satisfied: decorator in /home/julien/miniconda3/envs/deep_learning/lib/python3.9/site-packages (from ipython>=4.0.0->ipywidgets) (5.1.1)
Requirement already satisfied: black in /home/julien/miniconda3/envs/deep_learning/lib/python3.9/site-packages (from ipython>=4.0.0->ipywidgets) (22.3.0)
Requirement already satisfied: backcall in /home/julien/miniconda3/envs/deep_learning/lib/python3.9/site-packages (from ipython>=4.0.0->ipywidgets) (0.2.0)
Requirement already satisfied: jedi>=0.16 in /home/julien/miniconda3/envs/deep_learning/lib/python3.9/site-packages (from ipython>=4.0.0->ipywidgets) (0.18.1)
Requirement already satisfied: pickleshare in /home/julien/miniconda3/envs/deep_learning/lib/python3.9/site-packages (from ipython>=4.0.0->ipywidgets) (0.7.5)
Requirement already satisfied: parso<0.9.0,>=0.8.0 in /home/julien/miniconda3/envs/deep_learning/lib/python3.9/site-packages (from jedi>=0.16->ipython>=4.0.0->ipywidgets) (0.8.3)
Requirement already satisfied: pyzmq>=13 in /home/julien/miniconda3/envs/deep_learning/lib/python3.9/site-packages (from jupyter-client<8.0->ipykernel>=4.5.1->ipywidgets) (22.3.0)
Requirement already satisfied: entrypoints in /home/julien/miniconda3/envs/deep_learning/lib/python3.9/site-packages (from jupyter-client<8.0->ipykernel>=4.5.1->ipywidgets) (0.4)
Requirement already satisfied: jupyter-core>=4.6.0 in /home/julien/miniconda3/envs/deep_learning/lib/python3.9/site-packages (from jupyter-client<8.0->ipykernel>=4.5.1->ipywidgets) (4.9.2)
Requirement already satisfied: python-dateutil>=2.1 in /home/julien/miniconda3/envs/deep_learning/lib/python3.9/site-packages (from jupyter-client<8.0->ipykernel>=4.5.1->ipywidgets) (2.8.2)
Requirement already satisfied: fonttools>=4.22.0 in /home/julien/miniconda3/envs/deep_learning/lib/python3.9/site-packages (from matplotlib>=3.2.0->pandas-profiling) (4.25.0)
Requirement already satisfied: cycler>=0.10 in /home/julien/miniconda3/envs/deep_learning/lib/python3.9/site-packages (from matplotlib>=3.2.0->pandas-profiling) (0.11.0)
Requirement already satisfied: kiwisolver>=1.0.1 in /home/julien/miniconda3/envs/deep_learning/lib/python3.9/site-packages (from matplotlib>=3.2.0->pandas-profiling) (1.3.2)
Requirement already satisfied: packaging>=20.0 in /home/julien/miniconda3/envs/deep_learning/lib/python3.9/site-packages (from matplotlib>=3.2.0->pandas-profiling) (21.3)
Requirement already satisfied: pyparsing>=2.2.1 in /home/julien/miniconda3/envs/deep_learning/lib/python3.9/site-packages (from matplotlib>=3.2.0->pandas-profiling) (3.0.4)
Requirement already satisfied: jsonschema!=2.5.0,>=2.4 in /home/julien/miniconda3/envs/deep_learning/lib/python3.9/site-packages (from nbformat>=4.2.0->ipywidgets) (3.2.0)
Requirement already satisfied: pyrsistent>=0.14.0 in /home/julien/miniconda3/envs/deep_learning/lib/python3.9/site-packages (from jsonschema!=2.5.0,>=2.4->nbformat>=4.2.0->ipywidgets) (0.18.0)
Requirement already satisfied: six>=1.11.0 in /home/julien/miniconda3/envs/deep_learning/lib/python3.9/site-packages (from jsonschema!=2.5.0,>=2.4->nbformat>=4.2.0->ipywidgets) (1.16.0)
Requirement already satisfied: prometheus-client in /home/julien/miniconda3/envs/deep_learning/lib/python3.9/site-packages (from notebook>=4.4.1->widgetsnbextension) (0.13.1)
Requirement already satisfied: Send2Trash>=1.8.0 in /home/julien/miniconda3/envs/deep_learning/lib/python3.9/site-packages (from notebook>=4.4.1->widgetsnbextension) (1.8.0)
Requirement already satisfied: nbconvert in /home/julien/miniconda3/envs/deep_learning/lib/python3.9/site-packages (from notebook>=4.4.1->widgetsnbextension) (6.3.0)
Requirement already satisfied: argon2-cffi in /home/julien/miniconda3/envs/deep_learning/lib/python3.9/site-packages (from notebook>=4.4.1->widgetsnbextension) (21.3.0)
Requirement already satisfied: terminado>=0.8.3 in /home/julien/miniconda3/envs/deep_learning/lib/python3.9/site-packages (from notebook>=4.4.1->widgetsnbextension) (0.13.1)
Requirement already satisfied: pytz>=2020.1 in /home/julien/miniconda3/envs/deep_learning/lib/python3.9/site-packages (from pandas!=1.0.0,!=1.0.1,!=1.0.2,!=1.1.0,>=0.25.3->pandas-profiling) (2022.1)
Requirement already satisfied: ptyprocess>=0.5 in /home/julien/miniconda3/envs/deep_learning/lib/python3.9/site-packages (from pexpect>4.3->ipython>=4.0.0->ipywidgets) (0.7.0)
Requirement already satisfied: wcwidth in /home/julien/miniconda3/envs/deep_learning/lib/python3.9/site-packages (from prompt-toolkit!=3.0.0,!=3.0.1,<3.1.0,>=2.0.0->ipython>=4.0.0->ipywidgets) (0.2.5)
Requirement already satisfied: typing-extensions>=3.7.4.3 in /home/julien/miniconda3/envs/deep_learning/lib/python3.9/site-packages (from pydantic>=1.8.1->pandas-profiling) (3.10.0.2)
Requirement already satisfied: certifi>=2017.4.17 in /home/julien/miniconda3/envs/deep_learning/lib/python3.9/site-packages (from requests>=2.24.0->pandas-profiling) (2021.10.8)
Requirement already satisfied: charset-normalizer~=2.0.0 in /home/julien/miniconda3/envs/deep_learning/lib/python3.9/site-packages (from requests>=2.24.0->pandas-profiling) (2.0.12)
Requirement already satisfied: urllib3<1.27,>=1.21.1 in /home/julien/miniconda3/envs/deep_learning/lib/python3.9/site-packages (from requests>=2.24.0->pandas-profiling) (1.26.8)
Requirement already satisfied: idna<4,>=2.5 in /home/julien/miniconda3/envs/deep_learning/lib/python3.9/site-packages (from requests>=2.24.0->pandas-profiling) (3.3)
Requirement already satisfied: argon2-cffi-bindings in /home/julien/miniconda3/envs/deep_learning/lib/python3.9/site-packages (from argon2-cffi->notebook>=4.4.1->widgetsnbextension) (21.2.0)
Requirement already satisfied: cffi>=1.0.1 in /home/julien/miniconda3/envs/deep_learning/lib/python3.9/site-packages (from argon2-cffi-bindings->argon2-cffi->notebook>=4.4.1->widgetsnbextension) (1.15.0)
Requirement already satisfied: pycparser in /home/julien/miniconda3/envs/deep_learning/lib/python3.9/site-packages (from cffi>=1.0.1->argon2-cffi-bindings->argon2-cffi->notebook>=4.4.1->widgetsnbextension) (2.21)
Requirement already satisfied: pathspec>=0.9.0 in /home/julien/miniconda3/envs/deep_learning/lib/python3.9/site-packages (from black->ipython>=4.0.0->ipywidgets) (0.9.0)
Requirement already satisfied: tomli>=1.1.0 in /home/julien/miniconda3/envs/deep_learning/lib/python3.9/site-packages (from black->ipython>=4.0.0->ipywidgets) (2.0.1)
Requirement already satisfied: mypy-extensions>=0.4.3 in /home/julien/miniconda3/envs/deep_learning/lib/python3.9/site-packages (from black->ipython>=4.0.0->ipywidgets) (0.4.3)
Requirement already satisfied: platformdirs>=2 in /home/julien/miniconda3/envs/deep_learning/lib/python3.9/site-packages (from black->ipython>=4.0.0->ipywidgets) (2.5.1)
Requirement already satisfied: click>=8.0.0 in /home/julien/miniconda3/envs/deep_learning/lib/python3.9/site-packages (from black->ipython>=4.0.0->ipywidgets) (8.1.2)
Requirement already satisfied: PyWavelets in /home/julien/miniconda3/envs/deep_learning/lib/python3.9/site-packages (from imagehash->visions[type_image_path]==0.7.4->pandas-profiling) (1.1.1)
Requirement already satisfied: mistune<2,>=0.8.1 in /home/julien/miniconda3/envs/deep_learning/lib/python3.9/site-packages (from nbconvert->notebook>=4.4.1->widgetsnbextension) (0.8.4)
Requirement already satisfied: bleach in /home/julien/miniconda3/envs/deep_learning/lib/python3.9/site-packages (from nbconvert->notebook>=4.4.1->widgetsnbextension) (4.1.0)
Requirement already satisfied: nbclient<0.6.0,>=0.5.0 in /home/julien/miniconda3/envs/deep_learning/lib/python3.9/site-packages (from nbconvert->notebook>=4.4.1->widgetsnbextension) (0.5.11)
Requirement already satisfied: testpath in /home/julien/miniconda3/envs/deep_learning/lib/python3.9/site-packages (from nbconvert->notebook>=4.4.1->widgetsnbextension) (0.5.0)
Requirement already satisfied: defusedxml in /home/julien/miniconda3/envs/deep_learning/lib/python3.9/site-packages (from nbconvert->notebook>=4.4.1->widgetsnbextension) (0.7.1)
Requirement already satisfied: pandocfilters>=1.4.1 in /home/julien/miniconda3/envs/deep_learning/lib/python3.9/site-packages (from nbconvert->notebook>=4.4.1->widgetsnbextension) (1.5.0)
Requirement already satisfied: jupyterlab-pygments in /home/julien/miniconda3/envs/deep_learning/lib/python3.9/site-packages (from nbconvert->notebook>=4.4.1->widgetsnbextension) (0.1.2)
Requirement already satisfied: webencodings in /home/julien/miniconda3/envs/deep_learning/lib/python3.9/site-packages (from bleach->nbconvert->notebook>=4.4.1->widgetsnbextension) (0.5.1)
Requirement already satisfied: executing in /home/julien/miniconda3/envs/deep_learning/lib/python3.9/site-packages (from stack-data->ipython>=4.0.0->ipywidgets) (0.8.2)
Requirement already satisfied: asttokens in /home/julien/miniconda3/envs/deep_learning/lib/python3.9/site-packages (from stack-data->ipython>=4.0.0->ipywidgets) (2.0.5)
Requirement already satisfied: pure-eval in /home/julien/miniconda3/envs/deep_learning/lib/python3.9/site-packages (from stack-data->ipython>=4.0.0->ipywidgets) (0.2.2)
Enabling notebook extension jupyter-js-widgets/extension...
      - Validating: [32mOK[0m
UNet2(
  (last): Up(
    (up): Sequential(
      (0): ReLU(inplace=True)
      (1): ConvTranspose2d(128, 2, kernel_size=(4, 4), stride=(2, 2), padding=(1, 1))
    )
  )
)
UNet2(
  (last): Up(
    (up): Sequential(
      (0): ReLU(inplace=True)
      (1): ConvTranspose2d(128, 2, kernel_size=(4, 4), stride=(2, 2), padding=(1, 1))
    )
  )
)
----------------------------------------------------------------
        Layer (type)               Output Shape         Param #
================================================================
              ReLU-1        [-1, 128, 128, 128]               0
   ConvTranspose2d-2          [-1, 2, 256, 256]           4,098
                Up-3          [-1, 2, 256, 256]               0
================================================================
Total params: 4,098
Trainable params: 4,098
Non-trainable params: 0
----------------------------------------------------------------
Input size (MB): 0.25
Forward/backward pass size (MB): 18.00
Params size (MB): 0.02
Estimated Total Size (MB): 18.27
----------------------------------------------------------------
----------------------------------------------------------------
        Layer (type)               Output Shape         Param #
================================================================
              ReLU-1        [-1, 128, 128, 128]               0
   ConvTranspose2d-2          [-1, 2, 256, 256]           4,098
                Up-3          [-1, 2, 256, 256]               0
================================================================
Total params: 4,098
Trainable params: 4,098
Non-trainable params: 0
----------------------------------------------------------------
Input size (MB): 0.25
Forward/backward pass size (MB): 18.00
Params size (MB): 0.02
Estimated Total Size (MB): 18.27
----------------------------------------------------------------
----------------------------------------------------------------
        Layer (type)               Output Shape         Param #
================================================================
            Conv2d-1            [-1, 1, 16, 16]              10
              ReLU-2            [-1, 1, 16, 16]               0
            Conv2d-3            [-1, 1, 28, 28]              10
              ReLU-4            [-1, 1, 28, 28]               0
================================================================
Total params: 20
Trainable params: 20
Non-trainable params: 0
----------------------------------------------------------------
Input size (MB): 0.77
Forward/backward pass size (MB): 0.02
Params size (MB): 0.00
Estimated Total Size (MB): 0.78
----------------------------------------------------------------
----------------------------------------------------------------
        Layer (type)               Output Shape         Param #
================================================================
            Conv2d-1            [-1, 1, 16, 16]              10
              ReLU-2            [-1, 1, 16, 16]               0
            Conv2d-3            [-1, 1, 28, 28]              10
              ReLU-4            [-1, 1, 28, 28]               0
================================================================
Total params: 20
Trainable params: 20
Non-trainable params: 0
----------------------------------------------------------------
Input size (MB): 0.77
Forward/backward pass size (MB): 0.02
Params size (MB): 0.00
Estimated Total Size (MB): 0.78
----------------------------------------------------------------
----------------------------------------------------------------
        Layer (type)               Output Shape         Param #
================================================================
            Conv2d-1            [-1, 1, 16, 16]              10
              ReLU-2            [-1, 1, 16, 16]               0
            Conv2d-3            [-1, 1, 28, 28]              10
              ReLU-4            [-1, 1, 28, 28]               0
================================================================
Total params: 20
Trainable params: 20
Non-trainable params: 0
----------------------------------------------------------------
Input size (MB): 0.77
Forward/backward pass size (MB): 0.02
Params size (MB): 0.00
Estimated Total Size (MB): 0.78
----------------------------------------------------------------
None
